<?xml version="1.0" encoding="UTF-8"?>
<!-- Generated by org.testng.reporters.JUnitReportReporter -->
<testsuite hostname="DESKTOP-V5373MN" failures="0" tests="1" name="Scenarios.Amazon.TestCase2_LoginSearchAndLogout" time="28.946" errors="0" timestamp="2025-09-04T07:56:30 IST" skipped="0">
  <testcase classname="Scenarios.Amazon.TestCase2_LoginSearchAndLogout" name="withValidCredentials" time="28.946"/>
</testsuite> <!-- Scenarios.Amazon.TestCase2_LoginSearchAndLogout -->
