<?xml version="1.0" encoding="UTF-8"?>
<!-- Generated by org.testng.reporters.JUnitReportReporter -->
<testsuite hostname="DESKTOP-V5373MN" failures="0" tests="1" name="Scenarios.facebook.TestCase2_LoginSearchAndLogout" time="35.821" errors="0" timestamp="2025-09-05T09:11:25 IST" skipped="0">
  <testcase classname="Scenarios.facebook.TestCase2_LoginSearchAndLogout" name="withValidCredentials" time="35.821"/>
</testsuite> <!-- Scenarios.facebook.TestCase2_LoginSearchAndLogout -->
