<?xml version="1.0" encoding="UTF-8"?>
<!-- Generated by org.testng.reporters.JUnitReportReporter -->
<testsuite hostname="DESKTOP-V5373MN" failures="0" tests="1" name="Scenarios.Amazon.TestCase3_LoginSearchWishListAndLogout" time="38.407" errors="0" timestamp="2025-09-04T07:56:30 IST" skipped="0">
  <testcase classname="Scenarios.Amazon.TestCase3_LoginSearchWishListAndLogout" name="withValidCredentials" time="38.407"/>
</testsuite> <!-- Scenarios.Amazon.TestCase3_LoginSearchWishListAndLogout -->
