<?xml version="1.0" encoding="UTF-8"?>
<!-- Generated by org.testng.reporters.JUnitReportReporter -->
<testsuite hostname="DESKTOP-V5373MN" failures="0" tests="1" name="Scenarios.Amazon.TestCase4_LoginSearchWishListCartAndLogout" time="40.721" errors="0" timestamp="2025-09-04T07:56:30 IST" skipped="0">
  <testcase classname="Scenarios.Amazon.TestCase4_LoginSearchWishListCartAndLogout" name="withValidCredentials" time="40.721"/>
</testsuite> <!-- Scenarios.Amazon.TestCase4_LoginSearchWishListCartAndLogout -->
