<?xml version="1.0" encoding="UTF-8"?>
<!-- Generated by org.testng.reporters.JUnitReportReporter -->
<testsuite hostname="DESKTOP-V5373MN" failures="0" tests="1" name="Scenarios.Facebook.TestCase1_LoginToFacebook" time="4.966" errors="0" timestamp="2025-08-29T22:57:56 IST" skipped="0">
  <testcase classname="Scenarios.Facebook.TestCase1_LoginToFacebook" name="withValidCredentials" time="4.966"/>
</testsuite> <!-- Scenarios.Facebook.TestCase1_LoginToFacebook -->
