<?xml version="1.0" encoding="UTF-8"?>
<!-- Generated by org.testng.reporters.JUnitReportReporter -->
<testsuite hostname="DESKTOP-V5373MN" failures="0" tests="1" name="Scenarios.facebook.TestCase1_LoginAndLogout" time="26.832" errors="0" timestamp="2025-09-05T09:21:36 IST" skipped="0">
  <testcase classname="Scenarios.facebook.TestCase1_LoginAndLogout" name="withValidCredentials" time="26.832">
    <system-out>
      <![CDATA[Hoverover on Sigin in homepage-SO that login can be done
Email id accepeted
Password is accepeted
Click on sigin button is done]]>
    </system-out>
  </testcase> <!-- withValidCredentials -->
  <system-out>
    <![CDATA[Hoverover on Sigin in homepage-SO that login can be done
Email id accepeted
Password is accepeted
Click on sigin button is done]]>
  </system-out>
</testsuite> <!-- Scenarios.facebook.TestCase1_LoginAndLogout -->
